android-app/app/build/intermediates/manifest_merge_blame_file/debug/manifest-merger-blame-debug-report.txt
1<?xml version="1.0" encoding="utf-8"?>
2<manifest xmlns:android="http://schemas.android.com/apk/res/android"
3    package="com.buzzy.frequencyapp"
4    android:versionCode="1"
5    android:versionName="1.0" >
6
7    <uses-sdk
8        android:minSdkVersion="24"
9        android:targetSdkVersion="34" />
10
11    <uses-permission android:name="android.permission.INTERNET" />
11-->src/main/AndroidManifest.xml:5:5-67
11-->src/main/AndroidManifest.xml:5:22-64
12    <uses-permission android:name="android.permission.WAKE_LOCK" />
12-->src/main/AndroidManifest.xml:6:5-68
12-->src/main/AndroidManifest.xml:6:22-65
13    <uses-permission android:name="android.permission.ACCESS_NETWORK_STATE" />
13-->[com.google.firebase:firebase-config:21.6.0] AndroidManifest.xml:22:5-79
13-->[com.google.firebase:firebase-config:21.6.0] AndroidManifest.xml:22:22-76
14    <uses-permission android:name="com.google.android.gms.permission.AD_ID" />
14-->[com.google.android.gms:play-services-measurement-api:21.5.0] AndroidManifest.xml:25:5-79
14-->[com.google.android.gms:play-services-measurement-api:21.5.0] AndroidManifest.xml:25:22-76
15    <uses-permission android:name="android.permission.ACCESS_ADSERVICES_ATTRIBUTION" />
15-->[com.google.android.gms:play-services-measurement-api:21.5.0] AndroidManifest.xml:26:5-88
15-->[com.google.android.gms:play-services-measurement-api:21.5.0] AndroidManifest.xml:26:22-85
16    <uses-permission android:name="android.permission.ACCESS_ADSERVICES_AD_ID" />
16-->[com.google.android.gms:play-services-measurement-api:21.5.0] AndroidManifest.xml:27:5-82
16-->[com.google.android.gms:play-services-measurement-api:21.5.0] AndroidManifest.xml:27:22-79
17    <uses-permission android:name="com.google.android.finsky.permission.BIND_GET_INSTALL_REFERRER_SERVICE" />
17-->[com.google.android.gms:play-services-measurement:21.5.0] AndroidManifest.xml:26:5-110
17-->[com.google.android.gms:play-services-measurement:21.5.0] AndroidManifest.xml:26:22-107
18
19    <permission
19-->[androidx.core:core:1.12.0] AndroidManifest.xml:22:5-24:47
20        android:name="com.buzzy.frequencyapp.DYNAMIC_RECEIVER_NOT_EXPORTED_PERMISSION"
20-->[androidx.core:core:1.12.0] AndroidManifest.xml:23:9-81
21        android:protectionLevel="signature" />
21-->[androidx.core:core:1.12.0] AndroidManifest.xml:24:9-44
22
23    <uses-permission android:name="com.buzzy.frequencyapp.DYNAMIC_RECEIVER_NOT_EXPORTED_PERMISSION" />
23-->[androidx.core:core:1.12.0] AndroidManifest.xml:26:5-97
23-->[androidx.core:core:1.12.0] AndroidManifest.xml:26:22-94
24
25    <application
25-->src/main/AndroidManifest.xml:8:5-27:19
26        android:allowBackup="true"
26-->src/main/AndroidManifest.xml:9:9-35
27        android:appComponentFactory="androidx.core.app.CoreComponentFactory"
27-->[androidx.core:core:1.12.0] AndroidManifest.xml:28:18-86
28        android:dataExtractionRules="@xml/data_extraction_rules"
28-->src/main/AndroidManifest.xml:10:9-65
29        android:debuggable="true"
30        android:extractNativeLibs="false"
31        android:fullBackupContent="@xml/backup_rules"
31-->src/main/AndroidManifest.xml:11:9-54
32        android:icon="@mipmap/ic_launcher"
32-->src/main/AndroidManifest.xml:12:9-43
33        android:label="@string/app_name"
33-->src/main/AndroidManifest.xml:13:9-41
34        android:roundIcon="@mipmap/ic_launcher_round"
34-->src/main/AndroidManifest.xml:14:9-54
35        android:supportsRtl="true"
35-->src/main/AndroidManifest.xml:15:9-35
36        android:testOnly="true"
37        android:theme="@style/Theme.FrequencyApp" >
37-->src/main/AndroidManifest.xml:16:9-50
38        <activity
38-->src/main/AndroidManifest.xml:18:9-26:20
39            android:name="com.buzzy.frequencyapp.MainActivity"
39-->src/main/AndroidManifest.xml:19:13-41
40            android:exported="true"
40-->src/main/AndroidManifest.xml:20:13-36
41            android:theme="@style/Theme.FrequencyApp" >
41-->src/main/AndroidManifest.xml:21:13-54
42            <intent-filter>
42-->src/main/AndroidManifest.xml:22:13-25:29
43                <action android:name="android.intent.action.MAIN" />
43-->src/main/AndroidManifest.xml:23:17-69
43-->src/main/AndroidManifest.xml:23:25-66
44
45                <category android:name="android.intent.category.LAUNCHER" />
45-->src/main/AndroidManifest.xml:24:17-77
45-->src/main/AndroidManifest.xml:24:27-74
46            </intent-filter>
47        </activity>
48        <activity
48-->[androidx.compose.ui:ui-test-manifest:1.5.4] AndroidManifest.xml:23:9-25:39
49            android:name="androidx.activity.ComponentActivity"
49-->[androidx.compose.ui:ui-test-manifest:1.5.4] AndroidManifest.xml:24:13-63
50            android:exported="true" />
50-->[androidx.compose.ui:ui-test-manifest:1.5.4] AndroidManifest.xml:25:13-36
51        <activity
51-->[androidx.compose.ui:ui-tooling-android:1.5.4] AndroidManifest.xml:23:9-25:39
52            android:name="androidx.compose.ui.tooling.PreviewActivity"
52-->[androidx.compose.ui:ui-tooling-android:1.5.4] AndroidManifest.xml:24:13-71
53            android:exported="true" />
53-->[androidx.compose.ui:ui-tooling-android:1.5.4] AndroidManifest.xml:25:13-36
54
55        <provider
55-->[androidx.emoji2:emoji2:1.4.0] AndroidManifest.xml:24:9-32:20
56            android:name="androidx.startup.InitializationProvider"
56-->[androidx.emoji2:emoji2:1.4.0] AndroidManifest.xml:25:13-67
57            android:authorities="com.buzzy.frequencyapp.androidx-startup"
57-->[androidx.emoji2:emoji2:1.4.0] AndroidManifest.xml:26:13-68
58            android:exported="false" >
58-->[androidx.emoji2:emoji2:1.4.0] AndroidManifest.xml:27:13-37
59            <meta-data
59-->[androidx.emoji2:emoji2:1.4.0] AndroidManifest.xml:29:13-31:52
60                android:name="androidx.emoji2.text.EmojiCompatInitializer"
60-->[androidx.emoji2:emoji2:1.4.0] AndroidManifest.xml:30:17-75
61                android:value="androidx.startup" />
61-->[androidx.emoji2:emoji2:1.4.0] AndroidManifest.xml:31:17-49
62            <meta-data
62-->[androidx.lifecycle:lifecycle-process:2.7.0] AndroidManifest.xml:29:13-31:52
63                android:name="androidx.lifecycle.ProcessLifecycleInitializer"
63-->[androidx.lifecycle:lifecycle-process:2.7.0] AndroidManifest.xml:30:17-78
64                android:value="androidx.startup" />
64-->[androidx.lifecycle:lifecycle-process:2.7.0] AndroidManifest.xml:31:17-49
65            <meta-data
65-->[androidx.profileinstaller:profileinstaller:1.3.0] AndroidManifest.xml:29:13-31:52
66                android:name="androidx.profileinstaller.ProfileInstallerInitializer"
66-->[androidx.profileinstaller:profileinstaller:1.3.0] AndroidManifest.xml:30:17-85
67                android:value="androidx.startup" />
67-->[androidx.profileinstaller:profileinstaller:1.3.0] AndroidManifest.xml:31:17-49
68        </provider>
69
70        <service
70-->[com.google.firebase:firebase-config-ktx:21.6.0] AndroidManifest.xml:9:9-15:19
71            android:name="com.google.firebase.components.ComponentDiscoveryService"
71-->[com.google.firebase:firebase-config-ktx:21.6.0] AndroidManifest.xml:10:13-84
72            android:directBootAware="true"
72-->[com.google.firebase:firebase-common:20.4.2] AndroidManifest.xml:32:13-43
73            android:exported="false" >
73-->[com.google.firebase:firebase-config-ktx:21.6.0] AndroidManifest.xml:11:13-37
74            <meta-data
74-->[com.google.firebase:firebase-config-ktx:21.6.0] AndroidManifest.xml:12:13-14:85
75                android:name="com.google.firebase.components:com.google.firebase.remoteconfig.ktx.FirebaseConfigLegacyRegistrar"
75-->[com.google.firebase:firebase-config-ktx:21.6.0] AndroidManifest.xml:13:17-129
76                android:value="com.google.firebase.components.ComponentRegistrar" />
76-->[com.google.firebase:firebase-config-ktx:21.6.0] AndroidManifest.xml:14:17-82
77            <meta-data
77-->[com.google.firebase:firebase-config:21.6.0] AndroidManifest.xml:29:13-31:85
78                android:name="com.google.firebase.components:com.google.firebase.remoteconfig.FirebaseRemoteConfigKtxRegistrar"
78-->[com.google.firebase:firebase-config:21.6.0] AndroidManifest.xml:30:17-128
79                android:value="com.google.firebase.components.ComponentRegistrar" />
79-->[com.google.firebase:firebase-config:21.6.0] AndroidManifest.xml:31:17-82
80            <meta-data
80-->[com.google.firebase:firebase-config:21.6.0] AndroidManifest.xml:32:13-34:85
81                android:name="com.google.firebase.components:com.google.firebase.remoteconfig.RemoteConfigRegistrar"
81-->[com.google.firebase:firebase-config:21.6.0] AndroidManifest.xml:33:17-117
82                android:value="com.google.firebase.components.ComponentRegistrar" />
82-->[com.google.firebase:firebase-config:21.6.0] AndroidManifest.xml:34:17-82
83            <meta-data
83-->[com.google.firebase:firebase-abt:21.1.1] AndroidManifest.xml:12:13-14:85
84                android:name="com.google.firebase.components:com.google.firebase.abt.component.AbtRegistrar"
84-->[com.google.firebase:firebase-abt:21.1.1] AndroidManifest.xml:13:17-109
85                android:value="com.google.firebase.components.ComponentRegistrar" />
85-->[com.google.firebase:firebase-abt:21.1.1] AndroidManifest.xml:14:17-82
86            <meta-data
86-->[com.google.firebase:firebase-analytics-ktx:21.5.0] AndroidManifest.xml:11:13-13:85
87                android:name="com.google.firebase.components:com.google.firebase.analytics.ktx.FirebaseAnalyticsLegacyRegistrar"
87-->[com.google.firebase:firebase-analytics-ktx:21.5.0] AndroidManifest.xml:12:17-129
88                android:value="com.google.firebase.components.ComponentRegistrar" />
88-->[com.google.firebase:firebase-analytics-ktx:21.5.0] AndroidManifest.xml:13:17-82
89            <meta-data
89-->[com.google.android.gms:play-services-measurement-api:21.5.0] AndroidManifest.xml:37:13-39:85
90                android:name="com.google.firebase.components:com.google.firebase.analytics.connector.internal.AnalyticsConnectorRegistrar"
90-->[com.google.android.gms:play-services-measurement-api:21.5.0] AndroidManifest.xml:38:17-139
91                android:value="com.google.firebase.components.ComponentRegistrar" />
91-->[com.google.android.gms:play-services-measurement-api:21.5.0] AndroidManifest.xml:39:17-82
92            <meta-data
92-->[com.google.firebase:firebase-installations:17.2.0] AndroidManifest.xml:15:13-17:85
93                android:name="com.google.firebase.components:com.google.firebase.installations.FirebaseInstallationsKtxRegistrar"
93-->[com.google.firebase:firebase-installations:17.2.0] AndroidManifest.xml:16:17-130
94                android:value="com.google.firebase.components.ComponentRegistrar" />
94-->[com.google.firebase:firebase-installations:17.2.0] AndroidManifest.xml:17:17-82
95            <meta-data
95-->[com.google.firebase:firebase-installations:17.2.0] AndroidManifest.xml:18:13-20:85
96                android:name="com.google.firebase.components:com.google.firebase.installations.FirebaseInstallationsRegistrar"
96-->[com.google.firebase:firebase-installations:17.2.0] AndroidManifest.xml:19:17-127
97                android:value="com.google.firebase.components.ComponentRegistrar" />
97-->[com.google.firebase:firebase-installations:17.2.0] AndroidManifest.xml:20:17-82
98            <meta-data
98-->[com.google.firebase:firebase-common-ktx:20.4.2] AndroidManifest.xml:12:13-14:85
99                android:name="com.google.firebase.components:com.google.firebase.ktx.FirebaseCommonLegacyRegistrar"
99-->[com.google.firebase:firebase-common-ktx:20.4.2] AndroidManifest.xml:13:17-116
100                android:value="com.google.firebase.components.ComponentRegistrar" />
100-->[com.google.firebase:firebase-common-ktx:20.4.2] AndroidManifest.xml:14:17-82
101            <meta-data
101-->[com.google.firebase:firebase-common:20.4.2] AndroidManifest.xml:35:13-37:85
102                android:name="com.google.firebase.components:com.google.firebase.FirebaseCommonKtxRegistrar"
102-->[com.google.firebase:firebase-common:20.4.2] AndroidManifest.xml:36:17-109
103                android:value="com.google.firebase.components.ComponentRegistrar" />
103-->[com.google.firebase:firebase-common:20.4.2] AndroidManifest.xml:37:17-82
104        </service>
105
106        <property
106-->[com.google.android.gms:play-services-measurement-api:21.5.0] AndroidManifest.xml:30:9-32:61
107            android:name="android.adservices.AD_SERVICES_CONFIG"
107-->[com.google.android.gms:play-services-measurement-api:21.5.0] AndroidManifest.xml:31:13-65
108            android:resource="@xml/ga_ad_services_config" />
108-->[com.google.android.gms:play-services-measurement-api:21.5.0] AndroidManifest.xml:32:13-58
109
110        <provider
110-->[com.google.firebase:firebase-common:20.4.2] AndroidManifest.xml:23:9-28:39
111            android:name="com.google.firebase.provider.FirebaseInitProvider"
111-->[com.google.firebase:firebase-common:20.4.2] AndroidManifest.xml:24:13-77
112            android:authorities="com.buzzy.frequencyapp.firebaseinitprovider"
112-->[com.google.firebase:firebase-common:20.4.2] AndroidManifest.xml:25:13-72
113            android:directBootAware="true"
113-->[com.google.firebase:firebase-common:20.4.2] AndroidManifest.xml:26:13-43
114            android:exported="false"
114-->[com.google.firebase:firebase-common:20.4.2] AndroidManifest.xml:27:13-37
115            android:initOrder="100" />
115-->[com.google.firebase:firebase-common:20.4.2] AndroidManifest.xml:28:13-36
116
117        <receiver
117-->[com.google.android.gms:play-services-measurement:21.5.0] AndroidManifest.xml:29:9-33:20
118            android:name="com.google.android.gms.measurement.AppMeasurementReceiver"
118-->[com.google.android.gms:play-services-measurement:21.5.0] AndroidManifest.xml:30:13-85
119            android:enabled="true"
119-->[com.google.android.gms:play-services-measurement:21.5.0] AndroidManifest.xml:31:13-35
120            android:exported="false" >
120-->[com.google.android.gms:play-services-measurement:21.5.0] AndroidManifest.xml:32:13-37
121        </receiver>
122
123        <service
123-->[com.google.android.gms:play-services-measurement:21.5.0] AndroidManifest.xml:35:9-38:40
124            android:name="com.google.android.gms.measurement.AppMeasurementService"
124-->[com.google.android.gms:play-services-measurement:21.5.0] AndroidManifest.xml:36:13-84
125            android:enabled="true"
125-->[com.google.android.gms:play-services-measurement:21.5.0] AndroidManifest.xml:37:13-35
126            android:exported="false" />
126-->[com.google.android.gms:play-services-measurement:21.5.0] AndroidManifest.xml:38:13-37
127        <service
127-->[com.google.android.gms:play-services-measurement:21.5.0] AndroidManifest.xml:39:9-43:72
128            android:name="com.google.android.gms.measurement.AppMeasurementJobService"
128-->[com.google.android.gms:play-services-measurement:21.5.0] AndroidManifest.xml:40:13-87
129            android:enabled="true"
129-->[com.google.android.gms:play-services-measurement:21.5.0] AndroidManifest.xml:41:13-35
130            android:exported="false"
130-->[com.google.android.gms:play-services-measurement:21.5.0] AndroidManifest.xml:42:13-37
131            android:permission="android.permission.BIND_JOB_SERVICE" />
131-->[com.google.android.gms:play-services-measurement:21.5.0] AndroidManifest.xml:43:13-69
132
133        <uses-library
133-->[androidx.privacysandbox.ads:ads-adservices:1.0.0-beta05] AndroidManifest.xml:23:9-25:40
134            android:name="android.ext.adservices"
134-->[androidx.privacysandbox.ads:ads-adservices:1.0.0-beta05] AndroidManifest.xml:24:13-50
135            android:required="false" />
135-->[androidx.privacysandbox.ads:ads-adservices:1.0.0-beta05] AndroidManifest.xml:25:13-37
136
137        <meta-data
137-->[com.google.android.gms:play-services-basement:18.1.0] AndroidManifest.xml:21:9-23:69
138            android:name="com.google.android.gms.version"
138-->[com.google.android.gms:play-services-basement:18.1.0] AndroidManifest.xml:22:13-58
139            android:value="@integer/google_play_services_version" />
139-->[com.google.android.gms:play-services-basement:18.1.0] AndroidManifest.xml:23:13-66
140
141        <receiver
141-->[androidx.profileinstaller:profileinstaller:1.3.0] AndroidManifest.xml:34:9-52:20
142            android:name="androidx.profileinstaller.ProfileInstallReceiver"
142-->[androidx.profileinstaller:profileinstaller:1.3.0] AndroidManifest.xml:35:13-76
143            android:directBootAware="false"
143-->[androidx.profileinstaller:profileinstaller:1.3.0] AndroidManifest.xml:36:13-44
144            android:enabled="true"
144-->[androidx.profileinstaller:profileinstaller:1.3.0] AndroidManifest.xml:37:13-35
145            android:exported="true"
145-->[androidx.profileinstaller:profileinstaller:1.3.0] AndroidManifest.xml:38:13-36
146            android:permission="android.permission.DUMP" >
146-->[androidx.profileinstaller:profileinstaller:1.3.0] AndroidManifest.xml:39:13-57
147            <intent-filter>
147-->[androidx.profileinstaller:profileinstaller:1.3.0] AndroidManifest.xml:40:13-42:29
148                <action android:name="androidx.profileinstaller.action.INSTALL_PROFILE" />
148-->[androidx.profileinstaller:profileinstaller:1.3.0] AndroidManifest.xml:41:17-91
148-->[androidx.profileinstaller:profileinstaller:1.3.0] AndroidManifest.xml:41:25-88
149            </intent-filter>
150            <intent-filter>
150-->[androidx.profileinstaller:profileinstaller:1.3.0] AndroidManifest.xml:43:13-45:29
151                <action android:name="androidx.profileinstaller.action.SKIP_FILE" />
151-->[androidx.profileinstaller:profileinstaller:1.3.0] AndroidManifest.xml:44:17-85
151-->[androidx.profileinstaller:profileinstaller:1.3.0] AndroidManifest.xml:44:25-82
152            </intent-filter>
153            <intent-filter>
153-->[androidx.profileinstaller:profileinstaller:1.3.0] AndroidManifest.xml:46:13-48:29
154                <action android:name="androidx.profileinstaller.action.SAVE_PROFILE" />
154-->[androidx.profileinstaller:profileinstaller:1.3.0] AndroidManifest.xml:47:17-88
154-->[androidx.profileinstaller:profileinstaller:1.3.0] AndroidManifest.xml:47:25-85
155            </intent-filter>
156            <intent-filter>
156-->[androidx.profileinstaller:profileinstaller:1.3.0] AndroidManifest.xml:49:13-51:29
157                <action android:name="androidx.profileinstaller.action.BENCHMARK_OPERATION" />
157-->[androidx.profileinstaller:profileinstaller:1.3.0] AndroidManifest.xml:50:17-95
157-->[androidx.profileinstaller:profileinstaller:1.3.0] AndroidManifest.xml:50:25-92
158            </intent-filter>
159        </receiver>
160    </application>
161
162</manifest>